<?xml version="1.0" encoding="UTF-8"?>
<!-- Generated by org.testng.reporters.JUnitReportReporter -->
<testsuite skipped="0" hostname="Cuneyts-MacBook-Pro.local" name="tests.NewTest" tests="1" failures="0" timestamp="12 Sep 2017 08:53:03 GMT" time="187.404" errors="0">
  <testcase name="SourceCodeCheck" time="187.404" classname="tests.NewTest"/>
</testsuite> <!-- tests.NewTest -->
